time="2018-11-26T12:42:53-05:00" level=info msg="Connected!"
time="2018-11-26T12:43:47-05:00" level=info msg="inside GetListById 15"
time="2018-11-26T12:44:04-05:00" level=info msg="Inside GetResults(), before CleanParameters() SFMessageCode=P302U200U955;claimsThreshold='100';ClaimType=11;ClaimType=12;"
time="2018-11-26T12:44:04-05:00" level=info msg="Inside GetClaimsThreshold"
time="2018-11-26T12:44:04-05:00" level=info msg="result SFMessageCode=P302U200U955"
time="2018-11-26T12:44:04-05:00" level=info msg="fieldName SFMessageCode"
time="2018-11-26T12:44:04-05:00" level=info msg="result claimsThreshold='100'"
time="2018-11-26T12:44:04-05:00" level=info msg="fieldName claimsThreshold"
time="2018-11-26T12:44:04-05:00" level=info msg="name claimsThreshold"
time="2018-11-26T12:44:04-05:00" level=info msg="value '100'"
time="2018-11-26T12:44:04-05:00" level=info msg="string before removing SFMessageCode=P302U200U955;claimsThreshold='100';ClaimType=11;ClaimType=12;"
time="2018-11-26T12:44:04-05:00" level=info msg="string to be removed claimsThreshold='100'"
time="2018-11-26T12:44:04-05:00" level=info msg="paramValue '100'"
time="2018-11-26T12:44:04-05:00" level=info msg="result ClaimType=11"
time="2018-11-26T12:44:04-05:00" level=info msg="fieldName ClaimType"
time="2018-11-26T12:44:04-05:00" level=info msg="result ClaimType=12"
time="2018-11-26T12:44:04-05:00" level=info msg="fieldName ClaimType"
time="2018-11-26T12:44:04-05:00" level=info msg="result "
time="2018-11-26T12:44:04-05:00" level=info msg="fieldName "
time="2018-11-26T12:44:04-05:00" level=info msg="Inside GetResults(), after GetClaimsThreshold() SFMessageCode=P302U200U955;ClaimType=11;ClaimType=12;|claimsThreshold='100'"
time="2018-11-26T12:44:04-05:00" level=info msg="thresholdLimit 100"
time="2018-11-26T12:44:04-05:00" level=info msg="Inside GetResults(), after CleanParameters()  WHERE orig.SFMessageCode='P302U200U955' AND ClaimType IN ('11','12')"
time="2018-11-26T12:44:04-05:00" level=info msg="select statement SELECT TOP (?) orig.Id, orig.ClaimType, COALESCE(orig.ServiceId, ''), orig.ReceiptDate, orig.FromDate, orig.ToDate, orig.ProviderId, orig.ProviderType, orig.ProviderSpecialty, orig.DiagnosisCode, orig.NetworkIndicator, orig.SubscriberId, orig.PatientAccountNumber, orig.SCCFNumber, orig.BillType, orig.PlanCode, orig.SFMessageCode, orig.DeliveryMethod, orig.InputDate, orig.FileName, orig.CREATE_DT, orig.CREATED_BY, COALESCE(pricing.SFMessageCode, '') AS PsfMessageCode, COALESCE(pricing.PricingMethod, ''), COALESCE(pricing.PricingRule, ''), COALESCE(orig_proc.ProcedureCode, ''), COALESCE(orig_proc.RevenueCode, ''), COALESCE(orig_proc.Modifier, ''), COALESCE(orig_proc.DateOfService, ''), COALESCE(orig_proc.DateOfServiceTo, ''), COALESCE(orig_proc.PlaceOfService, '') FROM ITSHome.OriginalClaims orig LEFT OUTER JOIN ITSHome.OriginalPricing pricing ON orig.Id = pricing.OriginalClaimID LEFT OUTER JOIN ITSHome.OriginalProcedures orig_proc ON pricing.OriginalClaimID = orig_proc.OriginalClaimID WHERE orig.SFMessageCode='P302U200U955' AND ClaimType IN ('11','12')"
time="2018-11-26T12:44:10-05:00" level=info msg="inside GetListById 25"
time="2018-11-26T12:44:15-05:00" level=info msg="Add Multiple Claims {\"subscriberId\":\"BLC880667160\",\"suffix\":\"03\",\"patientAccountNumber\":\"A\",\"procedureCode\":\"\",\"diagnosisCode\":\"S0501XA\",\"modifier\":\"\",\"selectedActiveInstitutionalClaimIds\":[\"25\"]}"
time="2018-11-26T12:44:15-05:00" level=info msg="Add Multiple Claims modifier='';subscriberId='BLC880667160';suffix='03';patientAccountNumber='A';procedureCode='';diagnosisCode='S0501XA';&25;"
time="2018-11-26T12:44:15-05:00" level=info msg="Connected!"
time="2018-11-26T12:44:15-05:00" level=info msg="insert criteria 25;"
time="2018-11-26T12:44:15-05:00" level=info msg="length of claimIds 1"
time="2018-11-26T12:44:15-05:00" level=info msg="Claim Ids 25"
time="2018-11-26T12:44:15-05:00" level=info msg="Inserted ID: 124 successfully."
time="2018-11-26T12:44:15-05:00" level=info msg="strCriteria modifier=''"
time="2018-11-26T12:44:15-05:00" level=info msg=8
time="2018-11-26T12:44:15-05:00" level=info msg="new criteria modifier='';"
time="2018-11-26T12:44:15-05:00" level=info msg="strCriteria subscriberId='BLC880667160'"
time="2018-11-26T12:44:15-05:00" level=info msg=12
time="2018-11-26T12:44:15-05:00" level=info msg="strCriteria suffix='03'"
time="2018-11-26T12:44:15-05:00" level=info msg=6
time="2018-11-26T12:44:15-05:00" level=info msg="strCriteria patientAccountNumber='A'"
time="2018-11-26T12:44:15-05:00" level=info msg=20
time="2018-11-26T12:44:15-05:00" level=info msg="new criteria modifier='';patientAccountNumber='A';"
time="2018-11-26T12:44:15-05:00" level=info msg="strCriteria procedureCode=''"
time="2018-11-26T12:44:15-05:00" level=info msg=13
time="2018-11-26T12:44:15-05:00" level=info msg="new criteria modifier='';patientAccountNumber='A';procedureCode='';"
time="2018-11-26T12:44:15-05:00" level=info msg="strCriteria diagnosisCode='S0501XA'"
time="2018-11-26T12:44:15-05:00" level=info msg=13
time="2018-11-26T12:44:15-05:00" level=info msg="new criteria modifier='';patientAccountNumber='A';procedureCode='';diagnosisCode='S0501XA';"
time="2018-11-26T12:44:15-05:00" level=info msg="strCriteria "
time="2018-11-26T12:44:15-05:00" level=info msg=0
time="2018-11-26T12:44:15-05:00" level=info msg="newCriteria end modifier='';patientAccountNumber='A';procedureCode='';diagnosisCode='S0501XA';subscriberId='BLC88066716003';"
time="2018-11-26T12:44:15-05:00" level=info msg="Inside UpdateModifiedClaims modifier='';patientAccountNumber='A';procedureCode='';diagnosisCode='S0501XA';subscriberId='BLC88066716003';"
time="2018-11-26T12:44:15-05:00" level=info msg="Inside UpdateModifiedClaims 124"
time="2018-11-26T12:44:15-05:00" level=info msg=6
time="2018-11-26T12:44:15-05:00" level=info msg="update criteria modifier=''"
time="2018-11-26T12:44:15-05:00" level=info msg=8
time="2018-11-26T12:44:15-05:00" level=info msg="update criteria patientAccountNumber='A'"
time="2018-11-26T12:44:15-05:00" level=info msg=20
time="2018-11-26T12:44:15-05:00" level=info msg="Updated ID: {825742303232 825742609360} successfully."
time="2018-11-26T12:44:15-05:00" level=info msg="update criteria procedureCode=''"
time="2018-11-26T12:44:15-05:00" level=info msg=13
time="2018-11-26T12:44:15-05:00" level=info msg="update criteria diagnosisCode='S0501XA'"
time="2018-11-26T12:44:15-05:00" level=info msg=13
time="2018-11-26T12:44:15-05:00" level=info msg="Updated ID: {825742303232 825742609920} successfully."
time="2018-11-26T12:44:15-05:00" level=info msg="update criteria subscriberId='BLC88066716003'"
time="2018-11-26T12:44:15-05:00" level=info msg=12
time="2018-11-26T12:44:15-05:00" level=info msg="Updated ID: {825742303232 825742610304} successfully."
time="2018-11-26T12:44:15-05:00" level=info msg="update criteria "
time="2018-11-26T12:44:15-05:00" level=info msg=0
time="2018-11-26T12:44:15-05:00" level=info msg="Updated ID: 0 successfully."
time="2018-11-26T12:44:15-05:00" level=info msg="update criteria modifier='';subscriberId='BLC880667160';suffix='03';patientAccountNumber='A';procedureCode='';diagnosisCode='S0501XA';"
time="2018-11-26T12:44:17-05:00" level=info msg="Connected!"
time="2018-11-26T12:44:25-05:00" level=info msg="ID to delete 124"
time="2018-11-26T12:44:25-05:00" level=info msg="Connected!"
time="2018-11-26T12:44:25-05:00" level=info msg="Deleted ModifiedProcedures row: 0"
time="2018-11-26T12:44:25-05:00" level=info msg="Deleted ModifiedClaims row: 1"
time="2018-11-26T12:44:25-05:00" level=info msg="Connected!"
time="2018-11-26T12:48:27-05:00" level=info msg="Connected!"
time="2018-11-26T12:49:03-05:00" level=info msg="inside GetListById 27"
time="2018-11-26T12:49:26-05:00" level=info msg="Add Multiple Claims {\"suffix\":\"02\",\"selectedActiveInstitutionalClaimIds\":[\"27\",\"26\"]}"
time="2018-11-26T12:49:26-05:00" level=info msg="Add Multiple Claims suffix='02';&27,26;"
time="2018-11-26T12:49:26-05:00" level=info msg="Connected!"
time="2018-11-26T12:49:26-05:00" level=info msg="insert criteria 27,26;"
time="2018-11-26T12:49:26-05:00" level=info msg="length of claimIds 2"
time="2018-11-26T12:49:26-05:00" level=info msg="Claim Ids 27"
time="2018-11-26T12:49:26-05:00" level=info msg="Inserted ID: 125 successfully."
time="2018-11-26T12:49:26-05:00" level=info msg="strCriteria suffix='02'"
time="2018-11-26T12:49:26-05:00" level=info msg=6
time="2018-11-26T12:49:26-05:00" level=info msg="strCriteria "
time="2018-11-26T12:49:26-05:00" level=info msg=0
time="2018-11-26T12:49:26-05:00" level=info msg="Inside GetSubscriberId"
time="2018-11-26T12:49:26-05:00" level=info msg="Connected!"
time="2018-11-26T12:49:26-05:00" level=info msg="Inside UpdateSubscriberId - subscriberId =  BLC88140664001"
time="2018-11-26T12:49:26-05:00" level=info msg="newCriteria end subscriberId='BLC88140664002';"
time="2018-11-26T12:49:26-05:00" level=info msg="Inside UpdateModifiedClaims subscriberId='BLC88140664002';"
time="2018-11-26T12:49:26-05:00" level=info msg="Inside UpdateModifiedClaims 125"
time="2018-11-26T12:49:26-05:00" level=info msg=2
time="2018-11-26T12:49:26-05:00" level=info msg="update criteria subscriberId='BLC88140664002'"
time="2018-11-26T12:49:26-05:00" level=info msg=12
time="2018-11-26T12:49:26-05:00" level=info msg="Updated ID: {825741976112 825741267504} successfully."
time="2018-11-26T12:49:26-05:00" level=info msg="update criteria "
time="2018-11-26T12:49:26-05:00" level=info msg=0
time="2018-11-26T12:49:26-05:00" level=info msg="Updated ID: 0 successfully."
time="2018-11-26T12:49:26-05:00" level=info msg="Claim Ids 26"
time="2018-11-26T12:49:26-05:00" level=info msg="Inserted ID: 126 successfully."
time="2018-11-26T12:49:26-05:00" level=info msg="strCriteria suffix='02'"
time="2018-11-26T12:49:26-05:00" level=info msg=6
time="2018-11-26T12:49:26-05:00" level=info msg="strCriteria "
time="2018-11-26T12:49:26-05:00" level=info msg=0
time="2018-11-26T12:49:26-05:00" level=info msg="Inside GetSubscriberId"
time="2018-11-26T12:49:26-05:00" level=info msg="Connected!"
time="2018-11-26T12:49:26-05:00" level=info msg="Inside UpdateSubscriberId - subscriberId =  BLC88140664001"
time="2018-11-26T12:49:26-05:00" level=info msg="newCriteria end subscriberId='BLC88140664002';"
time="2018-11-26T12:49:26-05:00" level=info msg="Inside UpdateModifiedClaims subscriberId='BLC88140664002';"
time="2018-11-26T12:49:26-05:00" level=info msg="Inside UpdateModifiedClaims 126"
time="2018-11-26T12:49:26-05:00" level=info msg=2
time="2018-11-26T12:49:26-05:00" level=info msg="update criteria subscriberId='BLC88140664002'"
time="2018-11-26T12:49:26-05:00" level=info msg=12
time="2018-11-26T12:49:26-05:00" level=info msg="Updated ID: {825742017184 825742709024} successfully."
time="2018-11-26T12:49:26-05:00" level=info msg="update criteria "
time="2018-11-26T12:49:26-05:00" level=info msg=0
time="2018-11-26T12:49:26-05:00" level=info msg="Updated ID: 0 successfully."
time="2018-11-26T12:49:26-05:00" level=info msg="update criteria suffix='02';"
time="2018-11-26T12:49:27-05:00" level=info msg="Connected!"
time="2018-11-26T12:49:36-05:00" level=info msg="ID to delete 125"
time="2018-11-26T12:49:36-05:00" level=info msg="Connected!"
time="2018-11-26T12:49:36-05:00" level=info msg="Deleted ModifiedProcedures row: 0"
time="2018-11-26T12:49:36-05:00" level=info msg="Deleted ModifiedClaims row: 1"
time="2018-11-26T12:49:36-05:00" level=info msg="Connected!"
time="2018-11-26T12:55:27-05:00" level=info msg="Connected!"
