time="2018-11-30T10:06:42-05:00" level=info msg="Connected!"
time="2018-11-30T10:06:42-05:00" level=info msg="ui-inputName="
time="2018-11-30T10:06:42-05:00" level=info msg="ui-inputName="
time="2018-11-30T10:06:42-05:00" level=info msg="ui-hiddenInputName="
time="2018-11-30T10:06:42-05:00" level=info msg="ui-hiddenInputName="
time="2018-11-30T10:06:42-05:00" level=info msg="ui-Inside createInstForm()"
time="2018-11-30T10:06:42-05:00" level=info msg="ui-inputName="
time="2018-11-30T10:06:42-05:00" level=info msg="ui-Inside createProfForm()"
time="2018-11-30T10:06:42-05:00" level=info msg="ui-hiddenInputName="
time="2018-11-30T10:06:42-05:00" level=info msg="ui-hiddenInputName="
time="2018-11-30T10:06:42-05:00" level=info msg="ui-hiddenInputName="
time="2018-11-30T10:06:42-05:00" level=info msg="ui-Inside createInstForm()"
time="2018-11-30T10:06:42-05:00" level=info msg="ui-inputName="
time="2018-11-30T10:06:42-05:00" level=info msg="ui-Inside createProfForm()"
time="2018-11-30T10:06:42-05:00" level=info msg="ui-hiddenInputName="
time="2018-11-30T10:07:27-05:00" level=info msg="parameters {\"instSelectItems\":[{\"category\":{\"name\":\"Patient Account Number\",\"value\":21,\"type\":\"PatientAccountNumber\"}}],\"instInputItems\":[{\"inputName0\":\"123\",\"type\":\"PatientAccountNumber\"}],\"claimsThreshold\":100,\"hiddenInputItems\":[{\"inputName0\":\"11\",\"type\":\"ClaimType\"},{\"inputName1\":\"12\",\"type\":\"ClaimType\"}]}"
time="2018-11-30T10:07:27-05:00" level=info msg="claimsThreshold is float64 100"
time="2018-11-30T10:07:27-05:00" level=info msg="hiddenInputItems is an array:"
time="2018-11-30T10:07:27-05:00" level=info msg="Key: 0 Value: map[inputName0:11 type:ClaimType]"
time="2018-11-30T10:07:27-05:00" level=info msg="param1 before check inputName0:11"
time="2018-11-30T10:07:27-05:00" level=info msg="param2 before check type:ClaimType"
time="2018-11-30T10:07:27-05:00" level=info msg="param1 after check inputName0:11"
time="2018-11-30T10:07:27-05:00" level=info msg="param2 after check type:ClaimType"
time="2018-11-30T10:07:27-05:00" level=info msg="paramName ClaimType"
time="2018-11-30T10:07:27-05:00" level=info msg="paramValue 11"
time="2018-11-30T10:07:27-05:00" level=info msg="Key: 1 Value: map[inputName1:12 type:ClaimType]"
time="2018-11-30T10:07:27-05:00" level=info msg="param1 before check type:ClaimType"
time="2018-11-30T10:07:27-05:00" level=info msg="param2 before check inputName1:12"
time="2018-11-30T10:07:27-05:00" level=info msg="param1 after check type:ClaimType"
time="2018-11-30T10:07:27-05:00" level=info msg="param2 after check inputName1:12"
time="2018-11-30T10:07:27-05:00" level=info msg="paramName ClaimType"
time="2018-11-30T10:07:27-05:00" level=info msg="paramValue 12"
time="2018-11-30T10:07:27-05:00" level=info msg="instSelectItems is an array:"
time="2018-11-30T10:07:27-05:00" level=info msg="instInputItems is an array:"
time="2018-11-30T10:07:27-05:00" level=info msg="Key: 0 Value: map[inputName0:123 type:PatientAccountNumber]"
time="2018-11-30T10:07:27-05:00" level=info msg="param1 before check inputName0:123"
time="2018-11-30T10:07:27-05:00" level=info msg="param2 before check type:PatientAccountNumber"
time="2018-11-30T10:07:27-05:00" level=info msg="param1 after check inputName0:123"
time="2018-11-30T10:07:27-05:00" level=info msg="param2 after check type:PatientAccountNumber"
time="2018-11-30T10:07:27-05:00" level=info msg="paramName PatientAccountNumber"
time="2018-11-30T10:07:27-05:00" level=info msg="paramValue 123"
time="2018-11-30T10:07:27-05:00" level=info msg="Inside GetResults(), before CleanParameters() claimsThreshold='100';ClaimType=11;ClaimType=12;PatientAccountNumber=123;"
time="2018-11-30T10:07:27-05:00" level=info msg="Inside GetClaimsThreshold"
time="2018-11-30T10:07:27-05:00" level=info msg="result claimsThreshold='100'"
time="2018-11-30T10:07:27-05:00" level=info msg="fieldName claimsThreshold"
time="2018-11-30T10:07:27-05:00" level=info msg="name claimsThreshold"
time="2018-11-30T10:07:27-05:00" level=info msg="value '100'"
time="2018-11-30T10:07:27-05:00" level=info msg="string before removing claimsThreshold='100';ClaimType=11;ClaimType=12;PatientAccountNumber=123;"
time="2018-11-30T10:07:27-05:00" level=info msg="string to be removed claimsThreshold='100'"
time="2018-11-30T10:07:27-05:00" level=info msg="paramValue '100'"
time="2018-11-30T10:07:27-05:00" level=info msg="result ClaimType=11"
time="2018-11-30T10:07:27-05:00" level=info msg="fieldName ClaimType"
time="2018-11-30T10:07:27-05:00" level=info msg="result ClaimType=12"
time="2018-11-30T10:07:27-05:00" level=info msg="fieldName ClaimType"
time="2018-11-30T10:07:27-05:00" level=info msg="result PatientAccountNumber=123"
time="2018-11-30T10:07:27-05:00" level=info msg="fieldName PatientAccountNumber"
time="2018-11-30T10:07:27-05:00" level=info msg="result "
time="2018-11-30T10:07:27-05:00" level=info msg="fieldName "
time="2018-11-30T10:07:27-05:00" level=info msg="Inside GetResults(), after GetClaimsThreshold() ClaimType=11;ClaimType=12;PatientAccountNumber=123;|claimsThreshold='100'"
time="2018-11-30T10:07:27-05:00" level=info msg="thresholdLimit 100"
time="2018-11-30T10:07:27-05:00" level=info msg="entering CleanParameters()..."
time="2018-11-30T10:07:27-05:00" level=info msg=default
time="2018-11-30T10:07:27-05:00" level=info msg="parameter=default, occurrences= 0"
time="2018-11-30T10:07:27-05:00" level=info msg="matches= []"
time="2018-11-30T10:07:27-05:00" level=info msg=ReceiptDate
time="2018-11-30T10:07:27-05:00" level=info msg="parameter=ReceiptDate, occurrences= 0"
time="2018-11-30T10:07:27-05:00" level=info msg="matches= []"
time="2018-11-30T10:07:27-05:00" level=info msg=ProviderId
time="2018-11-30T10:07:27-05:00" level=info msg="parameter=ProviderId, occurrences= 0"
time="2018-11-30T10:07:27-05:00" level=info msg="matches= []"
time="2018-11-30T10:07:27-05:00" level=info msg=ProviderType
time="2018-11-30T10:07:27-05:00" level=info msg="parameter=ProviderType, occurrences= 0"
time="2018-11-30T10:07:27-05:00" level=info msg="matches= []"
time="2018-11-30T10:07:27-05:00" level=info msg=ProviderSpecialty
time="2018-11-30T10:07:27-05:00" level=info msg="parameter=ProviderSpecialty, occurrences= 0"
time="2018-11-30T10:07:27-05:00" level=info msg="matches= []"
time="2018-11-30T10:07:27-05:00" level=info msg=ProcedureCode
time="2018-11-30T10:07:27-05:00" level=info msg="parameter=ProcedureCode, occurrences= 0"
time="2018-11-30T10:07:27-05:00" level=info msg="matches= []"
time="2018-11-30T10:07:27-05:00" level=info msg=DiagnosisCode
time="2018-11-30T10:07:27-05:00" level=info msg="parameter=DiagnosisCode, occurrences= 0"
time="2018-11-30T10:07:27-05:00" level=info msg="matches= []"
time="2018-11-30T10:07:27-05:00" level=info msg=SubscriberId
time="2018-11-30T10:07:27-05:00" level=info msg="parameter=SubscriberId, occurrences= 0"
time="2018-11-30T10:07:27-05:00" level=info msg="matches= []"
time="2018-11-30T10:07:27-05:00" level=info msg=SubscriberPrefix
time="2018-11-30T10:07:27-05:00" level=info msg="parameter=SubscriberPrefix, occurrences= 0"
time="2018-11-30T10:07:27-05:00" level=info msg="matches= []"
time="2018-11-30T10:07:27-05:00" level=info msg=SubscriberSuffix
time="2018-11-30T10:07:27-05:00" level=info msg="parameter=SubscriberSuffix, occurrences= 0"
time="2018-11-30T10:07:27-05:00" level=info msg="matches= []"
time="2018-11-30T10:07:27-05:00" level=info msg=SCCFNumber
time="2018-11-30T10:07:27-05:00" level=info msg="parameter=SCCFNumber, occurrences= 0"
time="2018-11-30T10:07:27-05:00" level=info msg="matches= []"
time="2018-11-30T10:07:27-05:00" level=info msg=RevenueCode
time="2018-11-30T10:07:27-05:00" level=info msg="parameter=RevenueCode, occurrences= 0"
time="2018-11-30T10:07:27-05:00" level=info msg="matches= []"
time="2018-11-30T10:07:27-05:00" level=info msg=BillType
time="2018-11-30T10:07:27-05:00" level=info msg="parameter=BillType, occurrences= 0"
time="2018-11-30T10:07:27-05:00" level=info msg="matches= []"
time="2018-11-30T10:07:27-05:00" level=info msg=Modifier
time="2018-11-30T10:07:27-05:00" level=info msg="parameter=Modifier, occurrences= 0"
time="2018-11-30T10:07:27-05:00" level=info msg="matches= []"
time="2018-11-30T10:07:27-05:00" level=info msg=PlanCode
time="2018-11-30T10:07:27-05:00" level=info msg="parameter=PlanCode, occurrences= 0"
time="2018-11-30T10:07:27-05:00" level=info msg="matches= []"
time="2018-11-30T10:07:27-05:00" level=info msg=SFMessageCode
time="2018-11-30T10:07:27-05:00" level=info msg="parameter=SFMessageCode, occurrences= 0"
time="2018-11-30T10:07:27-05:00" level=info msg="matches= []"
time="2018-11-30T10:07:27-05:00" level=info msg=PricingMethod
time="2018-11-30T10:07:27-05:00" level=info msg="parameter=PricingMethod, occurrences= 0"
time="2018-11-30T10:07:27-05:00" level=info msg="matches= []"
time="2018-11-30T10:07:27-05:00" level=info msg=PricingRule
time="2018-11-30T10:07:27-05:00" level=info msg="parameter=PricingRule, occurrences= 0"
time="2018-11-30T10:07:27-05:00" level=info msg="matches= []"
time="2018-11-30T10:07:27-05:00" level=info msg=DeliveryMethod
time="2018-11-30T10:07:27-05:00" level=info msg="parameter=DeliveryMethod, occurrences= 0"
time="2018-11-30T10:07:27-05:00" level=info msg="matches= []"
time="2018-11-30T10:07:27-05:00" level=info msg=FromDate
time="2018-11-30T10:07:27-05:00" level=info msg="parameter=FromDate, occurrences= 0"
time="2018-11-30T10:07:27-05:00" level=info msg="matches= []"
time="2018-11-30T10:07:27-05:00" level=info msg=ToDate
time="2018-11-30T10:07:27-05:00" level=info msg="parameter=ToDate, occurrences= 0"
time="2018-11-30T10:07:27-05:00" level=info msg="matches= []"
time="2018-11-30T10:07:27-05:00" level=info msg=PatientAccountNumber
time="2018-11-30T10:07:27-05:00" level=info msg="parameter=PatientAccountNumber, occurrences= 1"
time="2018-11-30T10:07:27-05:00" level=info msg="matches= [[26 46]]"
time="2018-11-30T10:07:27-05:00" level=info msg=ClaimType
time="2018-11-30T10:07:27-05:00" level=info msg="parameter=ClaimType, occurrences= 2"
time="2018-11-30T10:07:27-05:00" level=info msg="matches= [[0 9] [13 22]]"
time="2018-11-30T10:07:27-05:00" level=info msg="counter is at  22"
time="2018-11-30T10:07:27-05:00" level=info msg="second counter is at  0"
time="2018-11-30T10:07:27-05:00" level=info msg="result ClaimType=11"
time="2018-11-30T10:07:27-05:00" level=info msg="fieldName ClaimType"
time="2018-11-30T10:07:27-05:00" level=info msg="removeField name ClaimType"
time="2018-11-30T10:07:27-05:00" level=info msg="removeField value 11"
time="2018-11-30T10:07:27-05:00" level=info msg="string before removing ClaimType=11;ClaimType=12;PatientAccountNumber=123;"
time="2018-11-30T10:07:27-05:00" level=info msg="string to be removed ClaimType=11"
time="2018-11-30T10:07:27-05:00" level=info msg="removedValues [11]"
time="2018-11-30T10:07:27-05:00" level=info msg="string after removing ClaimType=12;PatientAccountNumber=123;"
time="2018-11-30T10:07:27-05:00" level=info msg="second counter is at  1"
time="2018-11-30T10:07:27-05:00" level=info msg="result ClaimType=12"
time="2018-11-30T10:07:27-05:00" level=info msg="fieldName ClaimType"
time="2018-11-30T10:07:27-05:00" level=info msg="removeField name ClaimType"
time="2018-11-30T10:07:27-05:00" level=info msg="removeField value 12"
time="2018-11-30T10:07:27-05:00" level=info msg="string before removing ClaimType=12;PatientAccountNumber=123;"
time="2018-11-30T10:07:27-05:00" level=info msg="string to be removed ClaimType=12"
time="2018-11-30T10:07:27-05:00" level=info msg="removedValues [11 12]"
time="2018-11-30T10:07:27-05:00" level=info msg="string after removing PatientAccountNumber=123;"
time="2018-11-30T10:07:27-05:00" level=info msg="second counter is at  2"
time="2018-11-30T10:07:27-05:00" level=info msg="result PatientAccountNumber=123"
time="2018-11-30T10:07:27-05:00" level=info msg="fieldName PatientAccountNumber"
time="2018-11-30T10:07:27-05:00" level=info msg="second counter is at  3"
time="2018-11-30T10:07:27-05:00" level=info msg="result "
time="2018-11-30T10:07:27-05:00" level=info msg="fieldName "
time="2018-11-30T10:07:27-05:00" level=info msg="string after attempting to add orig. prefix PatientAccountNumber=123;"
time="2018-11-30T10:07:27-05:00" level=info msg="string after adding single quotes PatientAccountNumber='123';ClaimType IN ('11','12');"
time="2018-11-30T10:07:27-05:00" level=info msg="original criteria PatientAccountNumber=123;ClaimType IN ('11','12');"
time="2018-11-30T10:07:27-05:00" level=info msg="Inside GetResults(), after CleanParameters()  WHERE PatientAccountNumber='123' AND ClaimType IN ('11','12')"
time="2018-11-30T10:07:27-05:00" level=info msg="select statement SELECT TOP (?) orig.Id, orig.ClaimType, COALESCE(orig.ServiceId, ''), orig.ReceiptDate, orig.FromDate, orig.ToDate, orig.ProviderId, orig.ProviderType, orig.ProviderSpecialty, orig.DiagnosisCode, orig.NetworkIndicator, orig.SubscriberId, orig.PatientAccountNumber, orig.SCCFNumber, orig.BillType, orig.PlanCode, orig.SFMessageCode, orig.DeliveryMethod, orig.InputDate, orig.FileName, orig.CREATE_DT, orig.CREATED_BY, COALESCE(pricing.SFMessageCode, '') AS PsfMessageCode, COALESCE(pricing.PricingMethod, ''), COALESCE(pricing.PricingRule, ''), COALESCE(orig_proc.ProcedureCode, ''), COALESCE(orig_proc.RevenueCode, ''), COALESCE(orig_proc.Modifier, ''), COALESCE(orig_proc.DateOfService, ''), COALESCE(orig_proc.DateOfServiceTo, ''), COALESCE(orig_proc.PlaceOfService, '') FROM ITSHome.OriginalClaims orig LEFT OUTER JOIN ITSHome.OriginalPricing pricing ON orig.Id = pricing.OriginalClaimID LEFT OUTER JOIN ITSHome.OriginalProcedures orig_proc ON pricing.OriginalClaimID = orig_proc.OriginalClaimID WHERE PatientAccountNumber='123' AND ClaimType IN ('11','12')"
time="2018-11-30T10:07:58-05:00" level=info msg="ui-Institutional id=1isChecked=true"
time="2018-11-30T10:07:58-05:00" level=info msg="ui-adding Institutional id"
time="2018-11-30T10:07:58-05:00" level=info msg="ui-isChecked=true, claimType=Institutional"
time="2018-11-30T10:07:59-05:00" level=info msg="ui-Inside openEditModal, claimType=Institutional"
time="2018-11-30T10:07:59-05:00" level=info msg="ui-Inside openEditModal, this.selectedActiveInstitutionalClaimIds[0]=1"
time="2018-11-30T10:07:59-05:00" level=info msg="inside GetListById 1"
time="2018-11-30T10:10:02-05:00" level=info msg="Connected!"
time="2018-11-30T10:10:02-05:00" level=info msg="ui-inputName="
time="2018-11-30T10:10:02-05:00" level=info msg="ui-hiddenInputName="
time="2018-11-30T10:10:02-05:00" level=info msg="ui-hiddenInputName="
time="2018-11-30T10:10:02-05:00" level=info msg="ui-hiddenInputName="
time="2018-11-30T10:10:02-05:00" level=info msg="ui-hiddenInputName="
time="2018-11-30T10:10:02-05:00" level=info msg="ui-Inside createInstForm()"
time="2018-11-30T10:10:02-05:00" level=info msg="ui-inputName="
time="2018-11-30T10:10:02-05:00" level=info msg="ui-hiddenInputName="
time="2018-11-30T10:10:02-05:00" level=info msg="ui-hiddenInputName="
time="2018-11-30T10:10:02-05:00" level=info msg="ui-Inside createProfForm()"
time="2018-11-30T10:10:02-05:00" level=info msg="ui-hiddenInputName="
time="2018-11-30T10:10:02-05:00" level=info msg="ui-inputName="
time="2018-11-30T10:10:02-05:00" level=info msg="ui-hiddenInputName="
time="2018-11-30T10:10:02-05:00" level=info msg="ui-hiddenInputName="
time="2018-11-30T10:10:02-05:00" level=info msg="ui-Inside createInstForm()"
time="2018-11-30T10:10:02-05:00" level=info msg="ui-inputName="
time="2018-11-30T10:10:02-05:00" level=info msg="ui-hiddenInputName="
time="2018-11-30T10:10:02-05:00" level=info msg="ui-hiddenInputName="
time="2018-11-30T10:10:02-05:00" level=info msg="ui-hiddenInputName="
time="2018-11-30T10:10:02-05:00" level=info msg="ui-Inside createProfForm()"
time="2018-11-30T10:10:06-05:00" level=info msg="ui-inputName="
time="2018-11-30T10:10:08-05:00" level=info msg="Connected!"
time="2018-11-30T10:10:08-05:00" level=info msg="ui-inputName="
time="2018-11-30T10:10:08-05:00" level=info msg="ui-hiddenInputName="
time="2018-11-30T10:10:08-05:00" level=info msg="ui-hiddenInputName="
time="2018-11-30T10:10:08-05:00" level=info msg="ui-Inside createInstForm()"
time="2018-11-30T10:10:08-05:00" level=info msg="ui-inputName="
time="2018-11-30T10:10:08-05:00" level=info msg="ui-hiddenInputName="
time="2018-11-30T10:10:08-05:00" level=info msg="ui-Inside createProfForm()"
time="2018-11-30T10:10:08-05:00" level=info msg="ui-inputName="
time="2018-11-30T10:10:08-05:00" level=info msg="ui-hiddenInputName="
time="2018-11-30T10:10:08-05:00" level=info msg="ui-hiddenInputName="
time="2018-11-30T10:10:08-05:00" level=info msg="ui-Inside createInstForm()"
time="2018-11-30T10:10:08-05:00" level=info msg="ui-inputName="
time="2018-11-30T10:10:08-05:00" level=info msg="ui-hiddenInputName="
time="2018-11-30T10:10:08-05:00" level=info msg="ui-Inside createProfForm()"
time="2018-11-30T10:16:24-05:00" level=info msg="Connected!"
time="2018-11-30T10:16:24-05:00" level=info msg="ui-inputName="
time="2018-11-30T10:16:24-05:00" level=info msg="ui-hiddenInputName="
time="2018-11-30T10:16:24-05:00" level=info msg="ui-hiddenInputName="
time="2018-11-30T10:16:24-05:00" level=info msg="ui-Inside createInstForm()"
time="2018-11-30T10:16:24-05:00" level=info msg="ui-inputName="
time="2018-11-30T10:16:24-05:00" level=info msg="ui-hiddenInputName="
time="2018-11-30T10:16:24-05:00" level=info msg="ui-Inside createProfForm()"
time="2018-11-30T10:16:24-05:00" level=info msg="ui-inputName="
time="2018-11-30T10:16:24-05:00" level=info msg="ui-hiddenInputName="
time="2018-11-30T10:16:24-05:00" level=info msg="ui-hiddenInputName="
time="2018-11-30T10:16:24-05:00" level=info msg="ui-Inside createInstForm()"
time="2018-11-30T10:16:24-05:00" level=info msg="ui-inputName="
time="2018-11-30T10:16:24-05:00" level=info msg="ui-hiddenInputName="
time="2018-11-30T10:16:24-05:00" level=info msg="ui-Inside createProfForm()"
time="2018-11-30T10:16:32-05:00" level=info msg="Connected!"
time="2018-11-30T10:16:32-05:00" level=info msg="ui-inputName="
time="2018-11-30T10:16:32-05:00" level=info msg="ui-hiddenInputName="
time="2018-11-30T10:16:32-05:00" level=info msg="ui-hiddenInputName="
time="2018-11-30T10:16:32-05:00" level=info msg="ui-Inside createInstForm()"
time="2018-11-30T10:16:32-05:00" level=info msg="ui-inputName="
time="2018-11-30T10:16:32-05:00" level=info msg="ui-hiddenInputName="
time="2018-11-30T10:16:32-05:00" level=info msg="ui-Inside createProfForm()"
time="2018-11-30T10:16:32-05:00" level=info msg="ui-inputName="
time="2018-11-30T10:16:32-05:00" level=info msg="ui-hiddenInputName="
time="2018-11-30T10:16:32-05:00" level=info msg="ui-hiddenInputName="
time="2018-11-30T10:16:32-05:00" level=info msg="ui-Inside createInstForm()"
time="2018-11-30T10:16:32-05:00" level=info msg="ui-inputName="
time="2018-11-30T10:16:32-05:00" level=info msg="ui-hiddenInputName="
time="2018-11-30T10:16:32-05:00" level=info msg="ui-Inside createProfForm()"
time="2018-11-30T10:21:30-05:00" level=info msg="Connected!"
time="2018-11-30T10:21:30-05:00" level=info msg="ui-inputName=inputName0"
time="2018-11-30T10:21:30-05:00" level=info msg="ui-hiddenInputName=inputName0"
time="2018-11-30T10:21:30-05:00" level=info msg="ui-inputName=inputName0"
time="2018-11-30T10:21:31-05:00" level=info msg="ui-hiddenInputName=inputName0"
time="2018-11-30T10:21:31-05:00" level=info msg="ui-hiddenInputName=inputName1"
time="2018-11-30T10:21:31-05:00" level=info msg="ui-inputName=inputName0"
time="2018-11-30T10:21:31-05:00" level=info msg="ui-hiddenInputName=inputName0"
time="2018-11-30T10:21:31-05:00" level=info msg="ui-hiddenInputName=inputName1"
time="2018-11-30T10:21:31-05:00" level=info msg="ui-hiddenInputName=inputName0"
time="2018-11-30T10:21:31-05:00" level=info msg="ui-inputName=inputName0"
time="2018-11-30T10:22:09-05:00" level=info msg="Connected!"
time="2018-11-30T10:22:09-05:00" level=info msg="ui-inputName=inputName0"
time="2018-11-30T10:22:09-05:00" level=info msg="ui-hiddenInputName=inputName1"
time="2018-11-30T10:22:09-05:00" level=info msg="ui-hiddenInputName=inputName0"
time="2018-11-30T10:22:09-05:00" level=info msg="ui-inputName=inputName0"
time="2018-11-30T10:22:09-05:00" level=info msg="ui-hiddenInputName=inputName0"
time="2018-11-30T10:22:09-05:00" level=info msg="ui-hiddenInputName=inputName1"
time="2018-11-30T10:22:09-05:00" level=info msg="ui-inputName=inputName0"
time="2018-11-30T10:22:09-05:00" level=info msg="ui-hiddenInputName=inputName0"
time="2018-11-30T10:22:09-05:00" level=info msg="ui-inputName=inputName0"
time="2018-11-30T10:22:09-05:00" level=info msg="ui-hiddenInputName=inputName0"
time="2018-11-30T10:22:38-05:00" level=info msg="Connected!"
time="2018-11-30T10:22:38-05:00" level=info msg="ui-inputName=inputName0"
time="2018-11-30T10:22:38-05:00" level=info msg="ui-hiddenInputName=inputName0"
time="2018-11-30T10:22:38-05:00" level=info msg="ui-inputName=inputName0"
time="2018-11-30T10:22:38-05:00" level=info msg="ui-hiddenInputName=inputName1"
time="2018-11-30T10:22:38-05:00" level=info msg="ui-hiddenInputName=inputName0"
time="2018-11-30T10:22:38-05:00" level=info msg="ui-inputName=inputName0"
time="2018-11-30T10:22:38-05:00" level=info msg="ui-hiddenInputName=inputName0"
time="2018-11-30T10:22:38-05:00" level=info msg="ui-hiddenInputName=inputName1"
time="2018-11-30T10:22:38-05:00" level=info msg="ui-inputName=inputName0"
time="2018-11-30T10:22:38-05:00" level=info msg="ui-hiddenInputName=inputName0"
time="2018-11-30T10:22:49-05:00" level=info msg="Connected!"
time="2018-11-30T10:22:50-05:00" level=info msg="ui-inputName=inputName0"
time="2018-11-30T10:22:50-05:00" level=info msg="ui-hiddenInputName=inputName0"
time="2018-11-30T10:22:50-05:00" level=info msg="ui-hiddenInputName=inputName1"
time="2018-11-30T10:22:50-05:00" level=info msg="ui-inputName=inputName0"
time="2018-11-30T10:22:50-05:00" level=info msg="ui-hiddenInputName=inputName0"
time="2018-11-30T10:22:50-05:00" level=info msg="ui-inputName=inputName0"
time="2018-11-30T10:22:50-05:00" level=info msg="ui-hiddenInputName=inputName1"
time="2018-11-30T10:22:50-05:00" level=info msg="ui-hiddenInputName=inputName0"
time="2018-11-30T10:22:50-05:00" level=info msg="ui-inputName=inputName0"
time="2018-11-30T10:22:50-05:00" level=info msg="ui-hiddenInputName=inputName0"
time="2018-11-30T10:22:56-05:00" level=info msg="Connected!"
time="2018-11-30T10:22:56-05:00" level=info msg="ui-inputName=inputName0"
time="2018-11-30T10:22:56-05:00" level=info msg="ui-hiddenInputName=inputName1"
time="2018-11-30T10:22:56-05:00" level=info msg="ui-inputName=inputName0"
time="2018-11-30T10:22:56-05:00" level=info msg="ui-hiddenInputName=inputName0"
time="2018-11-30T10:22:56-05:00" level=info msg="ui-inputName=inputName0"
time="2018-11-30T10:22:56-05:00" level=info msg="ui-hiddenInputName=inputName0"
time="2018-11-30T10:22:56-05:00" level=info msg="ui-hiddenInputName=inputName1"
time="2018-11-30T10:22:56-05:00" level=info msg="ui-inputName=inputName0"
time="2018-11-30T10:22:56-05:00" level=info msg="ui-hiddenInputName=inputName0"
time="2018-11-30T10:22:56-05:00" level=info msg="ui-hiddenInputName=inputName0"
time="2018-11-30T10:22:58-05:00" level=info msg="ui-inputName=inputName0"
time="2018-11-30T10:22:58-05:00" level=info msg="ui-hiddenInputName=inputName0"
time="2018-11-30T10:22:58-05:00" level=info msg="ui-hiddenInputName=inputName1"
time="2018-11-30T10:22:58-05:00" level=info msg="ui-inputName=inputName0"
time="2018-11-30T10:22:58-05:00" level=info msg="ui-hiddenInputName=inputName0"
time="2018-11-30T10:22:58-05:00" level=info msg="Connected!"
time="2018-11-30T10:22:59-05:00" level=info msg="ui-inputName=inputName0"
time="2018-11-30T10:22:59-05:00" level=info msg="ui-hiddenInputName=inputName0"
time="2018-11-30T10:22:59-05:00" level=info msg="ui-hiddenInputName=inputName1"
time="2018-11-30T10:22:59-05:00" level=info msg="ui-inputName=inputName0"
time="2018-11-30T10:22:59-05:00" level=info msg="ui-hiddenInputName=inputName0"
time="2018-11-30T10:23:22-05:00" level=info msg="Connected!"
time="2018-11-30T10:23:23-05:00" level=info msg="ui-inputName=inputName0"
time="2018-11-30T10:23:23-05:00" level=info msg="ui-hiddenInputName=inputName1"
time="2018-11-30T10:23:23-05:00" level=info msg="ui-hiddenInputName=inputName0"
time="2018-11-30T10:23:23-05:00" level=info msg="ui-inputName=inputName0"
time="2018-11-30T10:23:23-05:00" level=info msg="ui-hiddenInputName=inputName0"
time="2018-11-30T10:23:23-05:00" level=info msg="ui-inputName=inputName0"
time="2018-11-30T10:23:23-05:00" level=info msg="ui-hiddenInputName=inputName0"
time="2018-11-30T10:23:23-05:00" level=info msg="ui-hiddenInputName=inputName1"
time="2018-11-30T10:23:23-05:00" level=info msg="ui-inputName=inputName0"
time="2018-11-30T10:23:23-05:00" level=info msg="ui-hiddenInputName=inputName0"
time="2018-11-30T10:23:35-05:00" level=info msg="Connected!"
time="2018-11-30T10:23:35-05:00" level=info msg="ui-inputName=inputName0"
time="2018-11-30T10:23:35-05:00" level=info msg="ui-hiddenInputName=inputName1"
time="2018-11-30T10:23:35-05:00" level=info msg="ui-inputName=inputName0"
time="2018-11-30T10:23:35-05:00" level=info msg="ui-hiddenInputName=inputName0"
time="2018-11-30T10:23:35-05:00" level=info msg="ui-hiddenInputName=inputName0"
time="2018-11-30T10:23:35-05:00" level=info msg="ui-hiddenInputName=inputName0"
time="2018-11-30T10:23:36-05:00" level=info msg="ui-inputName=inputName0"
time="2018-11-30T10:23:36-05:00" level=info msg="ui-hiddenInputName=inputName1"
time="2018-11-30T10:23:36-05:00" level=info msg="ui-inputName=inputName0"
time="2018-11-30T10:23:36-05:00" level=info msg="ui-hiddenInputName=inputName0"
time="2018-11-30T10:24:01-05:00" level=info msg="Connected!"
time="2018-11-30T10:24:01-05:00" level=info msg="ui-inputName=inputName0"
time="2018-11-30T10:24:01-05:00" level=info msg="ui-hiddenInputName=inputName0"
time="2018-11-30T10:24:01-05:00" level=info msg="ui-inputName=inputName0"
time="2018-11-30T10:24:01-05:00" level=info msg="ui-hiddenInputName=inputName0"
time="2018-11-30T10:24:01-05:00" level=info msg="ui-hiddenInputName=inputName1"
time="2018-11-30T10:24:01-05:00" level=info msg="ui-inputName=inputName0"
time="2018-11-30T10:24:01-05:00" level=info msg="ui-hiddenInputName=inputName0"
time="2018-11-30T10:24:01-05:00" level=info msg="ui-hiddenInputName=inputName1"
time="2018-11-30T10:24:01-05:00" level=info msg="ui-hiddenInputName=inputName0"
time="2018-11-30T10:24:01-05:00" level=info msg="ui-inputName=inputName0"
time="2018-11-30T10:25:47-05:00" level=info msg="Connected!"
time="2018-11-30T10:25:47-05:00" level=info msg="ui-inputName=inputName0"
time="2018-11-30T10:25:47-05:00" level=info msg="ui-hiddenInputName=inputName0"
time="2018-11-30T10:25:47-05:00" level=info msg="ui-hiddenInputName=inputName1"
time="2018-11-30T10:25:47-05:00" level=info msg="ui-inputName=inputName0"
time="2018-11-30T10:25:47-05:00" level=info msg="ui-hiddenInputName=inputName0"
time="2018-11-30T10:25:47-05:00" level=info msg="ui-hiddenInputName=inputName0"
time="2018-11-30T10:25:47-05:00" level=info msg="ui-inputName=inputName0"
time="2018-11-30T10:25:47-05:00" level=info msg="ui-hiddenInputName=inputName1"
time="2018-11-30T10:25:47-05:00" level=info msg="ui-inputName=inputName0"
time="2018-11-30T10:25:47-05:00" level=info msg="ui-hiddenInputName=inputName0"
time="2018-11-30T10:25:55-05:00" level=info msg="parameters {\"instSelectItems\":[{\"category\":{\"name\":\"Patient Account Number\",\"value\":21,\"type\":\"PatientAccountNumber\"}}],\"instInputItems\":[{\"inputName0\":\"123\",\"type\":\"PatientAccountNumber\"}],\"claimsThreshold\":100,\"hiddenInputItems\":[{\"inputName0\":\"11\",\"type\":\"ClaimType\"},{\"inputName1\":\"12\",\"type\":\"ClaimType\"}]}"
time="2018-11-30T10:25:55-05:00" level=info msg="instSelectItems is an array:"
time="2018-11-30T10:25:55-05:00" level=info msg="instInputItems is an array:"
time="2018-11-30T10:25:55-05:00" level=info msg="Key: 0 Value: map[type:PatientAccountNumber inputName0:123]"
time="2018-11-30T10:25:55-05:00" level=info msg="param1 before check inputName0:123"
time="2018-11-30T10:25:55-05:00" level=info msg="param2 before check type:PatientAccountNumber"
time="2018-11-30T10:25:55-05:00" level=info msg="param1 after check inputName0:123"
time="2018-11-30T10:25:55-05:00" level=info msg="param2 after check type:PatientAccountNumber"
time="2018-11-30T10:25:55-05:00" level=info msg="paramName PatientAccountNumber"
time="2018-11-30T10:25:55-05:00" level=info msg="paramValue 123"
time="2018-11-30T10:25:55-05:00" level=info msg="claimsThreshold is float64 100"
time="2018-11-30T10:25:55-05:00" level=info msg="hiddenInputItems is an array:"
time="2018-11-30T10:25:55-05:00" level=info msg="Key: 0 Value: map[inputName0:11 type:ClaimType]"
time="2018-11-30T10:25:55-05:00" level=info msg="param1 before check inputName0:11"
time="2018-11-30T10:25:55-05:00" level=info msg="param2 before check type:ClaimType"
time="2018-11-30T10:25:55-05:00" level=info msg="param1 after check inputName0:11"
time="2018-11-30T10:25:55-05:00" level=info msg="param2 after check type:ClaimType"
time="2018-11-30T10:25:55-05:00" level=info msg="paramName ClaimType"
time="2018-11-30T10:25:55-05:00" level=info msg="paramValue 11"
time="2018-11-30T10:25:55-05:00" level=info msg="Key: 1 Value: map[type:ClaimType inputName1:12]"
time="2018-11-30T10:25:55-05:00" level=info msg="param1 before check inputName1:12"
time="2018-11-30T10:25:55-05:00" level=info msg="param2 before check type:ClaimType"
time="2018-11-30T10:25:55-05:00" level=info msg="param1 after check inputName1:12"
time="2018-11-30T10:25:55-05:00" level=info msg="param2 after check type:ClaimType"
time="2018-11-30T10:25:55-05:00" level=info msg="paramName ClaimType"
time="2018-11-30T10:25:55-05:00" level=info msg="paramValue 12"
time="2018-11-30T10:25:55-05:00" level=info msg="Inside GetResults(), before CleanParameters() PatientAccountNumber=123;claimsThreshold='100';ClaimType=11;ClaimType=12;"
time="2018-11-30T10:25:55-05:00" level=info msg="Inside GetClaimsThreshold"
time="2018-11-30T10:25:55-05:00" level=info msg="result PatientAccountNumber=123"
time="2018-11-30T10:25:55-05:00" level=info msg="fieldName PatientAccountNumber"
time="2018-11-30T10:25:55-05:00" level=info msg="result claimsThreshold='100'"
time="2018-11-30T10:25:55-05:00" level=info msg="fieldName claimsThreshold"
time="2018-11-30T10:25:55-05:00" level=info msg="name claimsThreshold"
time="2018-11-30T10:25:55-05:00" level=info msg="value '100'"
time="2018-11-30T10:25:55-05:00" level=info msg="string before removing PatientAccountNumber=123;claimsThreshold='100';ClaimType=11;ClaimType=12;"
time="2018-11-30T10:25:55-05:00" level=info msg="string to be removed claimsThreshold='100'"
time="2018-11-30T10:25:55-05:00" level=info msg="paramValue '100'"
time="2018-11-30T10:25:55-05:00" level=info msg="result ClaimType=11"
time="2018-11-30T10:25:55-05:00" level=info msg="fieldName ClaimType"
time="2018-11-30T10:25:55-05:00" level=info msg="result ClaimType=12"
time="2018-11-30T10:25:55-05:00" level=info msg="fieldName ClaimType"
time="2018-11-30T10:25:55-05:00" level=info msg="result "
time="2018-11-30T10:25:55-05:00" level=info msg="fieldName "
time="2018-11-30T10:25:55-05:00" level=info msg="Inside GetResults(), after GetClaimsThreshold() PatientAccountNumber=123;ClaimType=11;ClaimType=12;|claimsThreshold='100'"
time="2018-11-30T10:25:55-05:00" level=info msg="thresholdLimit 100"
time="2018-11-30T10:25:55-05:00" level=info msg="entering CleanParameters()..."
time="2018-11-30T10:25:55-05:00" level=info msg=default
time="2018-11-30T10:25:55-05:00" level=info msg="parameter=default, occurrences= 0"
time="2018-11-30T10:25:55-05:00" level=info msg="matches= []"
time="2018-11-30T10:25:55-05:00" level=info msg=ReceiptDate
time="2018-11-30T10:25:55-05:00" level=info msg="parameter=ReceiptDate, occurrences= 0"
time="2018-11-30T10:25:55-05:00" level=info msg="matches= []"
time="2018-11-30T10:25:55-05:00" level=info msg=ProviderId
time="2018-11-30T10:25:55-05:00" level=info msg="parameter=ProviderId, occurrences= 0"
time="2018-11-30T10:25:55-05:00" level=info msg="matches= []"
time="2018-11-30T10:25:55-05:00" level=info msg=ProviderType
time="2018-11-30T10:25:55-05:00" level=info msg="parameter=ProviderType, occurrences= 0"
time="2018-11-30T10:25:55-05:00" level=info msg="matches= []"
time="2018-11-30T10:25:55-05:00" level=info msg=ProviderSpecialty
time="2018-11-30T10:25:55-05:00" level=info msg="parameter=ProviderSpecialty, occurrences= 0"
time="2018-11-30T10:25:55-05:00" level=info msg="matches= []"
time="2018-11-30T10:25:55-05:00" level=info msg=ProcedureCode
time="2018-11-30T10:25:55-05:00" level=info msg="parameter=ProcedureCode, occurrences= 0"
time="2018-11-30T10:25:55-05:00" level=info msg="matches= []"
time="2018-11-30T10:25:55-05:00" level=info msg=DiagnosisCode
time="2018-11-30T10:25:55-05:00" level=info msg="parameter=DiagnosisCode, occurrences= 0"
time="2018-11-30T10:25:55-05:00" level=info msg="matches= []"
time="2018-11-30T10:25:55-05:00" level=info msg=SubscriberId
time="2018-11-30T10:25:55-05:00" level=info msg="parameter=SubscriberId, occurrences= 0"
time="2018-11-30T10:25:55-05:00" level=info msg="matches= []"
time="2018-11-30T10:25:55-05:00" level=info msg=SubscriberPrefix
time="2018-11-30T10:25:55-05:00" level=info msg="parameter=SubscriberPrefix, occurrences= 0"
time="2018-11-30T10:25:55-05:00" level=info msg="matches= []"
time="2018-11-30T10:25:55-05:00" level=info msg=SubscriberSuffix
time="2018-11-30T10:25:55-05:00" level=info msg="parameter=SubscriberSuffix, occurrences= 0"
time="2018-11-30T10:25:55-05:00" level=info msg="matches= []"
time="2018-11-30T10:25:55-05:00" level=info msg=SCCFNumber
time="2018-11-30T10:25:55-05:00" level=info msg="parameter=SCCFNumber, occurrences= 0"
time="2018-11-30T10:25:55-05:00" level=info msg="matches= []"
time="2018-11-30T10:25:55-05:00" level=info msg=RevenueCode
time="2018-11-30T10:25:55-05:00" level=info msg="parameter=RevenueCode, occurrences= 0"
time="2018-11-30T10:25:55-05:00" level=info msg="matches= []"
time="2018-11-30T10:25:55-05:00" level=info msg=BillType
time="2018-11-30T10:25:55-05:00" level=info msg="parameter=BillType, occurrences= 0"
time="2018-11-30T10:25:55-05:00" level=info msg="matches= []"
time="2018-11-30T10:25:55-05:00" level=info msg=Modifier
time="2018-11-30T10:25:55-05:00" level=info msg="parameter=Modifier, occurrences= 0"
time="2018-11-30T10:25:55-05:00" level=info msg="matches= []"
time="2018-11-30T10:25:55-05:00" level=info msg=PlanCode
time="2018-11-30T10:25:55-05:00" level=info msg="parameter=PlanCode, occurrences= 0"
time="2018-11-30T10:25:55-05:00" level=info msg="matches= []"
time="2018-11-30T10:25:55-05:00" level=info msg=SFMessageCode
time="2018-11-30T10:25:55-05:00" level=info msg="parameter=SFMessageCode, occurrences= 0"
time="2018-11-30T10:25:55-05:00" level=info msg="matches= []"
time="2018-11-30T10:25:55-05:00" level=info msg=PricingMethod
time="2018-11-30T10:25:55-05:00" level=info msg="parameter=PricingMethod, occurrences= 0"
time="2018-11-30T10:25:55-05:00" level=info msg="matches= []"
time="2018-11-30T10:25:55-05:00" level=info msg=PricingRule
time="2018-11-30T10:25:55-05:00" level=info msg="parameter=PricingRule, occurrences= 0"
time="2018-11-30T10:25:55-05:00" level=info msg="matches= []"
time="2018-11-30T10:25:55-05:00" level=info msg=DeliveryMethod
time="2018-11-30T10:25:55-05:00" level=info msg="parameter=DeliveryMethod, occurrences= 0"
time="2018-11-30T10:25:55-05:00" level=info msg="matches= []"
time="2018-11-30T10:25:55-05:00" level=info msg=FromDate
time="2018-11-30T10:25:55-05:00" level=info msg="parameter=FromDate, occurrences= 0"
time="2018-11-30T10:25:55-05:00" level=info msg="matches= []"
time="2018-11-30T10:25:55-05:00" level=info msg=ToDate
time="2018-11-30T10:25:55-05:00" level=info msg="parameter=ToDate, occurrences= 0"
time="2018-11-30T10:25:55-05:00" level=info msg="matches= []"
time="2018-11-30T10:25:55-05:00" level=info msg=PatientAccountNumber
time="2018-11-30T10:25:55-05:00" level=info msg="parameter=PatientAccountNumber, occurrences= 1"
time="2018-11-30T10:25:55-05:00" level=info msg="matches= [[0 20]]"
time="2018-11-30T10:25:55-05:00" level=info msg=ClaimType
time="2018-11-30T10:25:55-05:00" level=info msg="parameter=ClaimType, occurrences= 2"
time="2018-11-30T10:25:55-05:00" level=info msg="matches= [[25 34] [38 47]]"
time="2018-11-30T10:25:55-05:00" level=info msg="counter is at  22"
time="2018-11-30T10:25:55-05:00" level=info msg="second counter is at  0"
time="2018-11-30T10:25:55-05:00" level=info msg="result PatientAccountNumber=123"
time="2018-11-30T10:25:55-05:00" level=info msg="fieldName PatientAccountNumber"
time="2018-11-30T10:25:55-05:00" level=info msg="second counter is at  1"
time="2018-11-30T10:25:55-05:00" level=info msg="result ClaimType=11"
time="2018-11-30T10:25:55-05:00" level=info msg="fieldName ClaimType"
time="2018-11-30T10:25:55-05:00" level=info msg="removeField name ClaimType"
time="2018-11-30T10:25:55-05:00" level=info msg="removeField value 11"
time="2018-11-30T10:25:55-05:00" level=info msg="string before removing PatientAccountNumber=123;ClaimType=11;ClaimType=12;"
time="2018-11-30T10:25:55-05:00" level=info msg="string to be removed ClaimType=11"
time="2018-11-30T10:25:55-05:00" level=info msg="removedValues [11]"
time="2018-11-30T10:25:55-05:00" level=info msg="string after removing PatientAccountNumber=123;ClaimType=12;"
time="2018-11-30T10:25:55-05:00" level=info msg="second counter is at  2"
time="2018-11-30T10:25:55-05:00" level=info msg="result ClaimType=12"
time="2018-11-30T10:25:55-05:00" level=info msg="fieldName ClaimType"
time="2018-11-30T10:25:55-05:00" level=info msg="removeField name ClaimType"
time="2018-11-30T10:25:55-05:00" level=info msg="removeField value 12"
time="2018-11-30T10:25:55-05:00" level=info msg="string before removing PatientAccountNumber=123;ClaimType=12;"
time="2018-11-30T10:25:55-05:00" level=info msg="string to be removed ClaimType=12"
time="2018-11-30T10:25:55-05:00" level=info msg="removedValues [11 12]"
time="2018-11-30T10:25:55-05:00" level=info msg="string after removing PatientAccountNumber=123;"
time="2018-11-30T10:25:55-05:00" level=info msg="second counter is at  3"
time="2018-11-30T10:25:55-05:00" level=info msg="result "
time="2018-11-30T10:25:55-05:00" level=info msg="fieldName "
time="2018-11-30T10:25:55-05:00" level=info msg="string after attempting to add orig. prefix PatientAccountNumber=123;"
time="2018-11-30T10:25:55-05:00" level=info msg="string after adding single quotes PatientAccountNumber='123';ClaimType IN ('11','12');"
time="2018-11-30T10:25:55-05:00" level=info msg="original criteria PatientAccountNumber=123;ClaimType IN ('11','12');"
time="2018-11-30T10:25:55-05:00" level=info msg="Inside GetResults(), after CleanParameters()  WHERE PatientAccountNumber='123' AND ClaimType IN ('11','12')"
time="2018-11-30T10:25:55-05:00" level=info msg="select statement SELECT TOP (?) orig.Id, orig.ClaimType, COALESCE(orig.ServiceId, ''), orig.ReceiptDate, orig.FromDate, orig.ToDate, orig.ProviderId, orig.ProviderType, orig.ProviderSpecialty, orig.DiagnosisCode, orig.NetworkIndicator, orig.SubscriberId, orig.PatientAccountNumber, orig.SCCFNumber, orig.BillType, orig.PlanCode, orig.SFMessageCode, orig.DeliveryMethod, orig.InputDate, orig.FileName, orig.CREATE_DT, orig.CREATED_BY, COALESCE(pricing.SFMessageCode, '') AS PsfMessageCode, COALESCE(pricing.PricingMethod, ''), COALESCE(pricing.PricingRule, ''), COALESCE(orig_proc.ProcedureCode, ''), COALESCE(orig_proc.RevenueCode, ''), COALESCE(orig_proc.Modifier, ''), COALESCE(orig_proc.DateOfService, ''), COALESCE(orig_proc.DateOfServiceTo, ''), COALESCE(orig_proc.PlaceOfService, '') FROM ITSHome.OriginalClaims orig LEFT OUTER JOIN ITSHome.OriginalPricing pricing ON orig.Id = pricing.OriginalClaimID LEFT OUTER JOIN ITSHome.OriginalProcedures orig_proc ON pricing.OriginalClaimID = orig_proc.OriginalClaimID WHERE PatientAccountNumber='123' AND ClaimType IN ('11','12')"
time="2018-11-30T10:25:59-05:00" level=info msg="inside GetListById 1"
time="2018-11-30T10:25:59-05:00" level=info msg="ui-selectedId=1"
time="2018-11-30T10:25:59-05:00" level=info msg="ui-suffix=01"
time="2018-11-30T10:26:03-05:00" level=info msg="Add Claims {\"subscriberId\":\"BLC880667160\",\"suffix\":\"03\",\"patientAccountNumber\":\"123\",\"procedureCode\":\"\",\"diagnosisCode\":\"S0501XA\",\"modifier\":\"\",\"selectedActiveInstitutionalClaimIds\":[\"1\"]}"
time="2018-11-30T10:26:03-05:00" level=info msg="parameters {\"subscriberId\":\"BLC880667160\",\"suffix\":\"03\",\"patientAccountNumber\":\"123\",\"procedureCode\":\"\",\"diagnosisCode\":\"S0501XA\",\"modifier\":\"\",\"selectedActiveInstitutionalClaimIds\":[\"1\"]}"
time="2018-11-30T10:26:03-05:00" level=info msg="procedureCode is string "
time="2018-11-30T10:26:03-05:00" level=info msg="diagnosisCode is string S0501XA"
time="2018-11-30T10:26:03-05:00" level=info msg="modifier is string "
time="2018-11-30T10:26:03-05:00" level=info msg="selectedActiveInstitutionalClaimIds is an array:"
time="2018-11-30T10:26:03-05:00" level=info msg="Key: 0 Value: 1"
time="2018-11-30T10:26:03-05:00" level=info msg="inClauseCriteria 1"
time="2018-11-30T10:26:03-05:00" level=info msg="subscriberId is string BLC880667160"
time="2018-11-30T10:26:03-05:00" level=info msg="suffix is string 03"
time="2018-11-30T10:26:03-05:00" level=info msg="patientAccountNumber is string 123"
time="2018-11-30T10:26:03-05:00" level=info msg="Add Claims procedureCode='';diagnosisCode='S0501XA';modifier='';subscriberId='BLC880667160';suffix='03';patientAccountNumber='123';&1;"
time="2018-11-30T10:26:03-05:00" level=info msg="Connected!"
time="2018-11-30T10:26:03-05:00" level=info msg="insert criteria 1;"
time="2018-11-30T10:26:03-05:00" level=info msg="length of claimIds 1"
time="2018-11-30T10:26:03-05:00" level=info msg="Claim Ids 1"
time="2018-11-30T10:26:04-05:00" level=info msg="Inserted ID: 3 successfully."
time="2018-11-30T10:26:04-05:00" level=info msg="strCriteria procedureCode=''"
time="2018-11-30T10:26:04-05:00" level=info msg=13
time="2018-11-30T10:26:04-05:00" level=info msg="new criteria procedureCode='';"
time="2018-11-30T10:26:04-05:00" level=info msg="strCriteria diagnosisCode='S0501XA'"
time="2018-11-30T10:26:04-05:00" level=info msg=13
time="2018-11-30T10:26:04-05:00" level=info msg="new criteria procedureCode='';diagnosisCode='S0501XA';"
time="2018-11-30T10:26:04-05:00" level=info msg="strCriteria modifier=''"
time="2018-11-30T10:26:04-05:00" level=info msg=8
time="2018-11-30T10:26:04-05:00" level=info msg="new criteria procedureCode='';diagnosisCode='S0501XA';modifier='';"
time="2018-11-30T10:26:04-05:00" level=info msg="strCriteria subscriberId='BLC880667160'"
time="2018-11-30T10:26:04-05:00" level=info msg=12
time="2018-11-30T10:26:04-05:00" level=info msg="strCriteria suffix='03'"
time="2018-11-30T10:26:04-05:00" level=info msg=6
time="2018-11-30T10:26:04-05:00" level=info msg="strCriteria patientAccountNumber='123'"
time="2018-11-30T10:26:04-05:00" level=info msg=20
time="2018-11-30T10:26:04-05:00" level=info msg="new criteria procedureCode='';diagnosisCode='S0501XA';modifier='';patientAccountNumber='123';"
time="2018-11-30T10:26:04-05:00" level=info msg="strCriteria "
time="2018-11-30T10:26:04-05:00" level=info msg=0
time="2018-11-30T10:26:04-05:00" level=info msg="newCriteria end procedureCode='';diagnosisCode='S0501XA';modifier='';patientAccountNumber='123';subscriberId='BLC88066716003';"
time="2018-11-30T10:26:04-05:00" level=info msg="Inside UpdateModifiedClaims procedureCode='';diagnosisCode='S0501XA';modifier='';patientAccountNumber='123';subscriberId='BLC88066716003';"
time="2018-11-30T10:26:04-05:00" level=info msg="Inside UpdateModifiedClaims 3"
time="2018-11-30T10:26:04-05:00" level=info msg=6
time="2018-11-30T10:26:04-05:00" level=info msg="update criteria procedureCode=''"
time="2018-11-30T10:26:04-05:00" level=info msg=13
time="2018-11-30T10:26:04-05:00" level=info msg="update criteria diagnosisCode='S0501XA'"
time="2018-11-30T10:26:04-05:00" level=info msg=13
time="2018-11-30T10:26:04-05:00" level=info msg="Updated ID: {825742033568 825747208240} successfully."
time="2018-11-30T10:26:04-05:00" level=info msg="update criteria modifier=''"
time="2018-11-30T10:26:04-05:00" level=info msg=8
time="2018-11-30T10:26:04-05:00" level=info msg="update criteria patientAccountNumber='123'"
time="2018-11-30T10:26:04-05:00" level=info msg=20
time="2018-11-30T10:26:04-05:00" level=info msg="Updated ID: {825742033568 825747208784} successfully."
time="2018-11-30T10:26:04-05:00" level=info msg="update criteria subscriberId='BLC88066716003'"
time="2018-11-30T10:26:04-05:00" level=info msg=12
time="2018-11-30T10:26:04-05:00" level=info msg="Updated ID: {825742033568 825742672944} successfully."
time="2018-11-30T10:26:04-05:00" level=info msg="update criteria "
time="2018-11-30T10:26:04-05:00" level=info msg=0
time="2018-11-30T10:26:04-05:00" level=info msg="Updated ID: 0 successfully."
time="2018-11-30T10:26:04-05:00" level=info msg="update criteria procedureCode='';diagnosisCode='S0501XA';modifier='';subscriberId='BLC880667160';suffix='03';patientAccountNumber='123';"
time="2018-11-30T10:26:05-05:00" level=info msg="Connected!"
time="2018-11-30T10:26:06-05:00" level=info msg="ui-inputName=inputName0"
time="2018-11-30T10:26:06-05:00" level=info msg="ui-hiddenInputName=inputName0"
time="2018-11-30T10:26:06-05:00" level=info msg="ui-inputName=inputName0"
time="2018-11-30T10:26:06-05:00" level=info msg="ui-hiddenInputName=inputName0"
time="2018-11-30T10:26:06-05:00" level=info msg="ui-hiddenInputName=inputName1"
time="2018-11-30T10:26:06-05:00" level=info msg="ui-inputName=inputName0"
time="2018-11-30T10:26:06-05:00" level=info msg="ui-hiddenInputName=inputName0"
time="2018-11-30T10:26:06-05:00" level=info msg="ui-hiddenInputName=inputName1"
time="2018-11-30T10:26:06-05:00" level=info msg="ui-inputName=inputName0"
time="2018-11-30T10:26:06-05:00" level=info msg="ui-hiddenInputName=inputName0"
time="2018-11-30T10:26:14-05:00" level=info msg="ID to delete 3"
time="2018-11-30T10:26:14-05:00" level=info msg="Connected!"
time="2018-11-30T10:26:14-05:00" level=info msg="ui-deleted id=3"
time="2018-11-30T10:26:15-05:00" level=info msg="Deleted ModifiedProcedures row: 0"
time="2018-11-30T10:26:15-05:00" level=info msg="Deleted ModifiedClaims row: 1"
time="2018-11-30T10:26:15-05:00" level=info msg="Connected!"
time="2018-11-30T10:26:44-05:00" level=info msg="Add Claims {\"patientAccountNumber\":\"123\",\"selectedActiveProfessionalClaimIds\":[\"11\",\"12\"]}"
time="2018-11-30T10:26:44-05:00" level=info msg="parameters {\"patientAccountNumber\":\"123\",\"selectedActiveProfessionalClaimIds\":[\"11\",\"12\"]}"
time="2018-11-30T10:26:44-05:00" level=info msg="patientAccountNumber is string 123"
time="2018-11-30T10:26:44-05:00" level=info msg="selectedActiveProfessionalClaimIds is an array:"
time="2018-11-30T10:26:44-05:00" level=info msg="Key: 0 Value: 11"
time="2018-11-30T10:26:44-05:00" level=info msg="inClauseCriteria 11,"
time="2018-11-30T10:26:44-05:00" level=info msg="Key: 1 Value: 12"
time="2018-11-30T10:26:44-05:00" level=info msg="inClauseCriteria 11,12"
time="2018-11-30T10:26:44-05:00" level=info msg="Add Claims patientAccountNumber='123';&11,12;"
time="2018-11-30T10:26:44-05:00" level=info msg="Connected!"
time="2018-11-30T10:26:44-05:00" level=info msg="insert criteria 11,12;"
time="2018-11-30T10:26:44-05:00" level=info msg="length of claimIds 2"
time="2018-11-30T10:26:44-05:00" level=info msg="Claim Ids 11"
time="2018-11-30T10:26:44-05:00" level=info msg="Inserted ID: 4 successfully."
time="2018-11-30T10:26:44-05:00" level=info msg="strCriteria patientAccountNumber='123'"
time="2018-11-30T10:26:44-05:00" level=info msg=20
time="2018-11-30T10:26:44-05:00" level=info msg="new criteria patientAccountNumber='123';"
time="2018-11-30T10:26:44-05:00" level=info msg="strCriteria "
time="2018-11-30T10:26:44-05:00" level=info msg=0
time="2018-11-30T10:26:44-05:00" level=info msg="newCriteria end patientAccountNumber='123';subscriberId='';"
time="2018-11-30T10:26:44-05:00" level=info msg="Inside UpdateModifiedClaims patientAccountNumber='123';subscriberId='';"
time="2018-11-30T10:26:44-05:00" level=info msg="Inside UpdateModifiedClaims 4"
time="2018-11-30T10:26:44-05:00" level=info msg=3
time="2018-11-30T10:26:44-05:00" level=info msg="update criteria patientAccountNumber='123'"
time="2018-11-30T10:26:44-05:00" level=info msg=20
time="2018-11-30T10:26:44-05:00" level=info msg="Updated ID: {825742016624 825742471712} successfully."
time="2018-11-30T10:26:44-05:00" level=info msg="update criteria subscriberId=''"
time="2018-11-30T10:26:44-05:00" level=info msg=12
time="2018-11-30T10:26:45-05:00" level=info msg="Updated ID: {825742016624 825742472064} successfully."
time="2018-11-30T10:26:45-05:00" level=info msg="update criteria "
time="2018-11-30T10:26:45-05:00" level=info msg=0
time="2018-11-30T10:26:45-05:00" level=info msg="Updated ID: 0 successfully."
time="2018-11-30T10:26:45-05:00" level=info msg="Claim Ids 12"
time="2018-11-30T10:26:45-05:00" level=info msg="Inserted ID: 5 successfully."
time="2018-11-30T10:26:45-05:00" level=info msg="strCriteria patientAccountNumber='123'"
time="2018-11-30T10:26:45-05:00" level=info msg=20
time="2018-11-30T10:26:45-05:00" level=info msg="new criteria patientAccountNumber='123';"
time="2018-11-30T10:26:45-05:00" level=info msg="strCriteria "
time="2018-11-30T10:26:45-05:00" level=info msg=0
time="2018-11-30T10:26:45-05:00" level=info msg="newCriteria end patientAccountNumber='123';subscriberId='';"
time="2018-11-30T10:26:45-05:00" level=info msg="Inside UpdateModifiedClaims patientAccountNumber='123';subscriberId='';"
time="2018-11-30T10:26:45-05:00" level=info msg="Inside UpdateModifiedClaims 5"
time="2018-11-30T10:26:45-05:00" level=info msg=3
time="2018-11-30T10:26:45-05:00" level=info msg="update criteria patientAccountNumber='123'"
time="2018-11-30T10:26:45-05:00" level=info msg=20
time="2018-11-30T10:26:45-05:00" level=info msg="Updated ID: {825742016624 825741265952} successfully."
time="2018-11-30T10:26:45-05:00" level=info msg="update criteria subscriberId=''"
time="2018-11-30T10:26:45-05:00" level=info msg=12
time="2018-11-30T10:26:45-05:00" level=info msg="Updated ID: {825742016624 825741266304} successfully."
time="2018-11-30T10:26:45-05:00" level=info msg="update criteria "
time="2018-11-30T10:26:45-05:00" level=info msg=0
time="2018-11-30T10:26:45-05:00" level=info msg="Updated ID: 0 successfully."
time="2018-11-30T10:26:45-05:00" level=info msg="update criteria patientAccountNumber='123';"
time="2018-11-30T10:26:46-05:00" level=info msg="Connected!"
time="2018-11-30T10:26:46-05:00" level=info msg="ui-inputName=inputName0"
time="2018-11-30T10:26:46-05:00" level=info msg="ui-hiddenInputName=inputName0"
time="2018-11-30T10:26:46-05:00" level=info msg="ui-hiddenInputName=inputName1"
time="2018-11-30T10:26:46-05:00" level=info msg="ui-inputName=inputName0"
time="2018-11-30T10:26:46-05:00" level=info msg="ui-hiddenInputName=inputName0"
time="2018-11-30T10:26:46-05:00" level=info msg="ui-inputName=inputName0"
time="2018-11-30T10:26:46-05:00" level=info msg="ui-hiddenInputName=inputName0"
time="2018-11-30T10:26:46-05:00" level=info msg="ui-hiddenInputName=inputName1"
time="2018-11-30T10:26:46-05:00" level=info msg="ui-inputName=inputName0"
time="2018-11-30T10:26:46-05:00" level=info msg="ui-hiddenInputName=inputName0"
time="2018-11-30T10:27:31-05:00" level=info msg="ID to delete 4"
time="2018-11-30T10:27:31-05:00" level=info msg="Connected!"
time="2018-11-30T10:27:31-05:00" level=info msg="ui-deleted id=4"
time="2018-11-30T10:27:32-05:00" level=info msg="Deleted ModifiedProcedures row: 0"
time="2018-11-30T10:27:32-05:00" level=info msg="Deleted ModifiedClaims row: 1"
time="2018-11-30T10:27:32-05:00" level=info msg="Connected!"
time="2018-11-30T10:27:36-05:00" level=info msg="ui-deleted id=5"
time="2018-11-30T10:27:36-05:00" level=info msg="ID to delete 5"
time="2018-11-30T10:27:36-05:00" level=info msg="Connected!"
time="2018-11-30T10:27:36-05:00" level=info msg="Deleted ModifiedProcedures row: 0"
time="2018-11-30T10:27:36-05:00" level=info msg="Deleted ModifiedClaims row: 1"
time="2018-11-30T10:27:36-05:00" level=info msg="Connected!"
